TN:
SF:src/BondingCurveToken.sol
FN:20,BondingCurveToken.onTransferReceived
FNDA:8,BondingCurveToken.onTransferReceived
DA:26,8
BRDA:26,0,0,1
BRDA:26,0,1,7
DA:27,7
BRDA:27,1,0,1
BRDA:27,1,1,6
DA:28,6
DA:31,6
FN:34,BondingCurveToken.onApprovalReceived
FNDA:3,BondingCurveToken.onApprovalReceived
DA:35,3
BRDA:35,2,0,1
BRDA:35,2,1,2
DA:36,2
BRDA:36,3,0,1
BRDA:36,3,1,1
DA:39,1
BRDA:39,4,0,-
BRDA:39,4,1,1
DA:40,1
DA:43,1
FN:46,BondingCurveToken._mintOnCurve
FNDA:7,BondingCurveToken._mintOnCurve
DA:47,7
DA:48,7
DA:49,7
DA:51,7
FN:59,BondingCurveToken.burnOnCurve
FNDA:2,BondingCurveToken.burnOnCurve
DA:60,2
DA:62,2
DA:64,2
DA:65,2
DA:67,2
FNF:4
FNH:4
LF:18
LH:18
BRF:10
BRH:9
end_of_record
TN:
SF:src/PurchaseToken.sol
FN:14,PurchaseToken.freeMint
FNDA:7,PurchaseToken.freeMint
DA:15,7
FNF:1
FNH:1
LF:1
LH:1
BRF:0
BRH:0
end_of_record
